<?xml version="1.0" encoding="UTF-8"?>
<!-- Generated by org.testng.reporters.JUnitXMLReporter -->
<testsuite hostname="DESKTOP-E2RVPM6" name="myyoyatest" tests="21" failures="1" timestamp="15 Jul 2016 08:34:05 GMT" time="137.364" errors="0">
  <testcase name="logoVerify" time="5.062" classname="com.yoya.test.MyYoyaTest"/>
  <testcase name="menuSiteVerify" time="5.173" classname="com.yoya.test.MyYoyaTest"/>
  <testcase name="menuUserHelpVerify" time="11.336" classname="com.yoya.test.MyYoyaTest"/>
  <testcase name="menuUserMessageVerify" time="2.033" classname="com.yoya.test.MyYoyaTest"/>
  <testcase name="menuUserVerify" time="4.419" classname="com.yoya.test.MyYoyaTest"/>
  <testcase name="userInfoVerify" time="5.078" classname="com.yoya.test.MyYoyaTest"/>
  <testcase name="itemListVerify" time="0.204" classname="com.yoya.test.MyYoyaTest"/>
  <testcase name="hddyElementsExist" time="0.046" classname="com.yoya.test.MyYoyaTest">
    <failure type="org.openqa.selenium.NoSuchElementException" message="Unable to locate element: {&amp;quot;method&amp;quot;:&amp;quot;xpath&amp;quot;,&amp;quot;selector&amp;quot;:&amp;quot;//div[@class=&amp;apos;wgt-uc-company&amp;apos;]/div[@class=&amp;apos;page-header&amp;apos;]/div[@class=&amp;apos;title&amp;apos;]&amp;quot;}
Command duration or timeout: 15 milliseconds
For documentation on this error, please visit: http://seleniumhq.org/exceptions/no_such_element.html
Build info: version: &amp;apos;2.53.0&amp;apos;, revision: &amp;apos;35ae25b&amp;apos;, time: &amp;apos;2016-03-15 16:57:40&amp;apos;
System info: host: &amp;apos;DESKTOP-E2RVPM6&amp;apos;, ip: &amp;apos;192.168.248.1&amp;apos;, os.name: &amp;apos;Windows 10&amp;apos;, os.arch: &amp;apos;amd64&amp;apos;, os.version: &amp;apos;10.0&amp;apos;, java.version: &amp;apos;1.8.0_77&amp;apos;
Driver info: org.openqa.selenium.firefox.FirefoxDriver
Capabilities [{applicationCacheEnabled=true, rotatable=false, handlesAlerts=true, databaseEnabled=true, version=46.0.1, platform=WINDOWS, nativeEvents=false, acceptSslCerts=true, webStorageEnabled=true, locationContextEnabled=true, browserName=firefox, takesScreenshot=true, javascriptEnabled=true, cssSelectorsEnabled=true}]
Session ID: 2136947c-acc3-4648-9901-baf2c1bc6514
*** Element info: {Using=xpath, value=//div[@class=&amp;apos;wgt-uc-company&amp;apos;]/div[@class=&amp;apos;page-header&amp;apos;]/div[@class=&amp;apos;title&amp;apos;]}">
      <![CDATA[org.openqa.selenium.NoSuchElementException: Unable to locate element: {"method":"xpath","selector":"//div[@class='wgt-uc-company']/div[@class='page-header']/div[@class='title']"}
Command duration or timeout: 15 milliseconds
For documentation on this error, please visit: http://seleniumhq.org/exceptions/no_such_element.html
Build info: version: '2.53.0', revision: '35ae25b', time: '2016-03-15 16:57:40'
System info: host: 'DESKTOP-E2RVPM6', ip: '192.168.248.1', os.name: 'Windows 10', os.arch: 'amd64', os.version: '10.0', java.version: '1.8.0_77'
Driver info: org.openqa.selenium.firefox.FirefoxDriver
Capabilities [{applicationCacheEnabled=true, rotatable=false, handlesAlerts=true, databaseEnabled=true, version=46.0.1, platform=WINDOWS, nativeEvents=false, acceptSslCerts=true, webStorageEnabled=true, locationContextEnabled=true, browserName=firefox, takesScreenshot=true, javascriptEnabled=true, cssSelectorsEnabled=true}]
Session ID: 2136947c-acc3-4648-9901-baf2c1bc6514
*** Element info: {Using=xpath, value=//div[@class='wgt-uc-company']/div[@class='page-header']/div[@class='title']}
	at org.openqa.selenium.remote.ErrorHandler.createThrowable(ErrorHandler.java:206)
	at org.openqa.selenium.remote.ErrorHandler.throwIfResponseFailed(ErrorHandler.java:158)
	at org.openqa.selenium.remote.RemoteWebDriver.execute(RemoteWebDriver.java:678)
	at org.openqa.selenium.remote.RemoteWebDriver.findElement(RemoteWebDriver.java:363)
	at org.openqa.selenium.remote.RemoteWebDriver.findElementByXPath(RemoteWebDriver.java:500)
	at org.openqa.selenium.By$ByXPath.findElement(By.java:361)
	at org.openqa.selenium.remote.RemoteWebDriver.findElement(RemoteWebDriver.java:355)
	at com.yoya.test.MyYoyaTest.hddyElementsExist(Unknown Source)
Caused by: org.openqa.selenium.NoSuchElementException: Unable to locate element: {"method":"xpath","selector":"//div[@class='wgt-uc-company']/div[@class='page-header']/div[@class='title']"}
For documentation on this error, please visit: http://seleniumhq.org/exceptions/no_such_element.html
Build info: version: '2.53.0', revision: '35ae25b', time: '2016-03-15 16:57:40'
System info: host: 'DESKTOP-E2RVPM6', ip: '192.168.248.1', os.name: 'Windows 10', os.arch: 'amd64', os.version: '10.0', java.version: '1.8.0_77'
Driver info: driver.version: unknown
	at <anonymous class>.FirefoxDriver.prototype.findElementInternal_(file:///C:/Users/ADMINI~1/AppData/Local/Temp/anonymous3519633336419805465webdriver-profile/extensions/fxdriver@googlecode.com/components/driver-component.js:10770)
	at <anonymous class>.FirefoxDriver.prototype.findElement(file:///C:/Users/ADMINI~1/AppData/Local/Temp/anonymous3519633336419805465webdriver-profile/extensions/fxdriver@googlecode.com/components/driver-component.js:10779)
	at <anonymous class>.DelayedCommand.prototype.executeInternal_/h(file:///C:/Users/ADMINI~1/AppData/Local/Temp/anonymous3519633336419805465webdriver-profile/extensions/fxdriver@googlecode.com/components/command-processor.js:12661)
	at <anonymous class>.DelayedCommand.prototype.executeInternal_(file:///C:/Users/ADMINI~1/AppData/Local/Temp/anonymous3519633336419805465webdriver-profile/extensions/fxdriver@googlecode.com/components/command-processor.js:12666)
	at <anonymous class>.DelayedCommand.prototype.execute/<(file:///C:/Users/ADMINI~1/AppData/Local/Temp/anonymous3519633336419805465webdriver-profile/extensions/fxdriver@googlecode.com/components/command-processor.js:12608)
... Removed 28 stack frames]]>
    </failure>
  </testcase> <!-- hddyElementsExist -->
  <testcase name="my_course" time="5.866" classname="com.yoya.test.MyYoyaTest"/>
  <testcase name="kcbElementsExist" time="5.579" classname="com.yoya.test.MyYoyaTest"/>
  <testcase name="stkElementsExist" time="9.329" classname="com.yoya.test.MyYoyaTest"/>
  <testcase name="wdypElementsExist" time="5.116" classname="com.yoya.test.MyYoyaTest"/>
  <testcase name="wdddElementsExist" time="8.905" classname="com.yoya.test.MyYoyaTest"/>
  <testcase name="wdjgElementsExist" time="8.863" classname="com.yoya.test.MyYoyaTest"/>
  <testcase name="myVIP" time="6.032" classname="com.yoya.test.MyYoyaTest"/>
  <testcase name="aboutYoya" time="0.391" classname="com.yoya.test.MyYoyaTest"/>
  <testcase name="coroperation" time="0.359" classname="com.yoya.test.MyYoyaTest"/>
  <testcase name="helpCenter" time="0.409" classname="com.yoya.test.MyYoyaTest"/>
  <testcase name="customService" time="0.219" classname="com.yoya.test.MyYoyaTest"/>
  <testcase name="joinWechat" time="0.015" classname="com.yoya.test.MyYoyaTest"/>
  <testcase name="websiteFooter" time="0.328" classname="com.yoya.test.MyYoyaTest"/>
</testsuite> <!-- myyoyatest -->
